iteração=1
ALL PID= 3426
PID R em uso:  3426
[Previously saved workspace restored]

Loading required package: Metrics
Loading required package: spectral.methods
iteração=2
ALL PID= 3016
PID R em uso:  3016
[Previously saved workspace restored]

Loading required package: Metrics
Loading required package: spectral.methods
iteração=3
ALL PID= 31958
PID R em uso:  31958
[Previously saved workspace restored]

Loading required package: Metrics
Loading required package: spectral.methods
iteração=4
ALL PID= 23398
PID R em uso:  23398
[Previously saved workspace restored]

Loading required package: Metrics
Loading required package: spectral.methods
iteração=5
ALL PID= 22381
PID R em uso:  22381
[Previously saved workspace restored]

Loading required package: Metrics
Loading required package: spectral.methods
iteração=6
ALL PID= 5767
PID R em uso:  5767
[Previously saved workspace restored]

Loading required package: Metrics
Loading required package: spectral.methods
iteração=7
ALL PID= 27674
PID R em uso:  27674
[Previously saved workspace restored]

Loading required package: Metrics
Loading required package: spectral.methods
iteração=8
ALL PID= 19441
PID R em uso:  19441
[Previously saved workspace restored]

Loading required package: Metrics
Loading required package: spectral.methods
iteração=9
ALL PID= 11654
PID R em uso:  11654
[Previously saved workspace restored]

Loading required package: Metrics
Loading required package: spectral.methods
iteração=10
ALL PID= 6046
PID R em uso:  6046
[Previously saved workspace restored]

Loading required package: Metrics
Loading required package: spectral.methods
iteração=11
ALL PID= 27092
PID R em uso:  27092
[Previously saved workspace restored]

Loading required package: Metrics
Loading required package: spectral.methods
iteração=12
ALL PID= 15452
PID R em uso:  15452
[Previously saved workspace restored]

Loading required package: Metrics
Loading required package: spectral.methods
iteração=13
ALL PID= 8199
PID R em uso:  8199
[Previously saved workspace restored]

Loading required package: Metrics
Loading required package: spectral.methods
iteração=14
ALL PID= 2327
PID R em uso:  2327
[Previously saved workspace restored]

Loading required package: Metrics
Loading required package: spectral.methods
iteração=15
ALL PID= 24799
PID R em uso:  24799
[Previously saved workspace restored]

Loading required package: Metrics
Loading required package: spectral.methods
iteração=16
ALL PID= 16537
PID R em uso:  16537
[Previously saved workspace restored]

Loading required package: Metrics
Loading required package: spectral.methods
iteração=17
ALL PID= 32651
PID R em uso:  32651
[Previously saved workspace restored]

Loading required package: Metrics
Loading required package: spectral.methods
iteração=18
ALL PID= 26727
PID R em uso:  26727
[Previously saved workspace restored]

Loading required package: Metrics
Loading required package: spectral.methods
iteração=19
ALL PID= 19227
PID R em uso:  19227
[Previously saved workspace restored]

Loading required package: Metrics
Loading required package: spectral.methods
iteração=20
ALL PID= 14711
PID R em uso:  14711
[Previously saved workspace restored]

Loading required package: Metrics
Loading required package: spectral.methods
iteração=21
ALL PID= 7618
PID R em uso:  7618
[Previously saved workspace restored]

Loading required package: Metrics
Loading required package: spectral.methods
iteração=22
ALL PID= 31832
PID R em uso:  31832
[Previously saved workspace restored]

Loading required package: Metrics
Loading required package: spectral.methods
iteração=23
ALL PID= 23067
PID R em uso:  23067
[Previously saved workspace restored]

Loading required package: Metrics
Loading required package: spectral.methods
iteração=24
ALL PID= 15099
PID R em uso:  15099
[Previously saved workspace restored]

Loading required package: Metrics
Loading required package: spectral.methods
iteração=25
ALL PID= 6815
PID R em uso:  6815
[Previously saved workspace restored]

Loading required package: Metrics
Loading required package: spectral.methods
iteração=26
ALL PID= 31043
PID R em uso:  31043
[Previously saved workspace restored]

Loading required package: Metrics
Loading required package: spectral.methods
iteração=27
ALL PID= 24467
PID R em uso:  24467
[Previously saved workspace restored]

Loading required package: Metrics
Loading required package: spectral.methods
iteração=28
ALL PID= 13378
PID R em uso:  13378
[Previously saved workspace restored]

Loading required package: Metrics
Loading required package: spectral.methods
iteração=29
ALL PID= 3955
PID R em uso:  3955
[Previously saved workspace restored]

Loading required package: Metrics
Loading required package: spectral.methods
iteração=30
ALL PID= 29627
PID R em uso:  29627
[Previously saved workspace restored]

Loading required package: Metrics
Loading required package: spectral.methods
iteração=31
ALL PID= 19358
PID R em uso:  19358
[Previously saved workspace restored]

Loading required package: Metrics
Loading required package: spectral.methods
iteração=32
ALL PID= 11220
PID R em uso:  11220
[Previously saved workspace restored]

Loading required package: Metrics
Loading required package: spectral.methods
iteração=33
ALL PID= 2030
PID R em uso:  2030
[Previously saved workspace restored]

Loading required package: Metrics
Loading required package: spectral.methods
iteração=34
ALL PID= 21986
PID R em uso:  21986
[Previously saved workspace restored]

Loading required package: Metrics
Loading required package: spectral.methods
iteração=35
ALL PID= 15484
PID R em uso:  15484
[Previously saved workspace restored]

Loading required package: Metrics
Loading required package: spectral.methods
iteração=36
ALL PID= 7407
PID R em uso:  7407
[Previously saved workspace restored]

Loading required package: Metrics
Loading required package: spectral.methods
iteração=37
ALL PID= 28583
PID R em uso:  28583
[Previously saved workspace restored]

Loading required package: Metrics
Loading required package: spectral.methods
iteração=38
ALL PID= 18206
PID R em uso:  18206
[Previously saved workspace restored]

Loading required package: Metrics
Loading required package: spectral.methods
iteração=39
ALL PID= 8390
PID R em uso:  8390
[Previously saved workspace restored]

Loading required package: Metrics
Loading required package: spectral.methods
iteração=40
ALL PID= 31562
PID R em uso:  31562
[Previously saved workspace restored]

Loading required package: Metrics
Loading required package: spectral.methods
iteração=41
ALL PID= 23593
PID R em uso:  23593
[Previously saved workspace restored]

Loading required package: Metrics
Loading required package: spectral.methods
iteração=42
ALL PID= 14877
PID R em uso:  14877
[Previously saved workspace restored]

Loading required package: Metrics
Loading required package: spectral.methods
iteração=43
ALL PID= 9690
PID R em uso:  9690
[Previously saved workspace restored]

Loading required package: Metrics
Loading required package: spectral.methods
iteração=44
ALL PID= 30527
PID R em uso:  30527
[Previously saved workspace restored]

Loading required package: Metrics
Loading required package: spectral.methods
iteração=45
ALL PID= 14056
PID R em uso:  14056
[Previously saved workspace restored]

Loading required package: Metrics
Loading required package: spectral.methods
iteração=46
ALL PID= 8215
PID R em uso:  8215
[Previously saved workspace restored]

Loading required package: Metrics
Loading required package: spectral.methods
iteração=47
ALL PID= 509
PID R em uso:  509
[Previously saved workspace restored]

Loading required package: Metrics
Loading required package: spectral.methods
iteração=48
ALL PID= 26492
PID R em uso:  26492
[Previously saved workspace restored]

Loading required package: Metrics
Loading required package: spectral.methods
iteração=49
ALL PID= 14399
PID R em uso:  14399
[Previously saved workspace restored]

Loading required package: Metrics
Loading required package: spectral.methods
iteração=50
ALL PID= 5588
PID R em uso:  5588
[Previously saved workspace restored]

Loading required package: Metrics
Loading required package: spectral.methods
iteração=51
ALL PID= 26687
PID R em uso:  26687
[Previously saved workspace restored]

Loading required package: Metrics
Loading required package: spectral.methods
iteração=52
ALL PID= 20577
PID R em uso:  20577
[Previously saved workspace restored]

Loading required package: Metrics
Loading required package: spectral.methods
iteração=53
ALL PID= 14107
PID R em uso:  14107
[Previously saved workspace restored]

Loading required package: Metrics
Loading required package: spectral.methods
iteração=54
ALL PID= 6576
PID R em uso:  6576
[Previously saved workspace restored]

Loading required package: Metrics
Loading required package: spectral.methods
iteração=55
ALL PID= 30480
PID R em uso:  30480
[Previously saved workspace restored]

Loading required package: Metrics
Loading required package: spectral.methods
iteração=56
ALL PID= 18623
PID R em uso:  18623
[Previously saved workspace restored]

Loading required package: Metrics
Loading required package: spectral.methods
iteração=57
ALL PID= 10670
PID R em uso:  10670
[Previously saved workspace restored]

Loading required package: Metrics
Loading required package: spectral.methods
iteração=58
ALL PID= 31836
PID R em uso:  31836
[Previously saved workspace restored]

Loading required package: Metrics
Loading required package: spectral.methods
iteração=59
ALL PID= 23326
PID R em uso:  23326
[Previously saved workspace restored]

Loading required package: Metrics
Loading required package: spectral.methods
iteração=60
ALL PID= 6228
PID R em uso:  6228
[Previously saved workspace restored]

Loading required package: Metrics
Loading required package: spectral.methods
iteração=61
ALL PID= 20743
PID R em uso:  20743
[Previously saved workspace restored]

Loading required package: Metrics
Loading required package: spectral.methods
iteração=62
ALL PID= 11332
PID R em uso:  11332
[Previously saved workspace restored]

Loading required package: Metrics
Loading required package: spectral.methods
iteração=63
ALL PID= 26455
PID R em uso:  26455
[Previously saved workspace restored]

Loading required package: Metrics
Loading required package: spectral.methods
iteração=64
ALL PID= 20941
PID R em uso:  20941
[Previously saved workspace restored]

Loading required package: Metrics
Loading required package: spectral.methods
iteração=65
ALL PID= 14788
PID R em uso:  14788
[Previously saved workspace restored]

Loading required package: Metrics
Loading required package: spectral.methods
iteração=66
ALL PID= 6730
PID R em uso:  6730
[Previously saved workspace restored]

Loading required package: Metrics
Loading required package: spectral.methods
iteração=67
ALL PID= 26542
PID R em uso:  26542
[Previously saved workspace restored]

Loading required package: Metrics
Loading required package: spectral.methods
iteração=68
ALL PID= 18412
PID R em uso:  18412
[Previously saved workspace restored]

Loading required package: Metrics
Loading required package: spectral.methods
iteração=69
ALL PID= 9096
PID R em uso:  9096
[Previously saved workspace restored]

Loading required package: Metrics
Loading required package: spectral.methods
iteração=70
ALL PID= 24613
PID R em uso:  24613
[Previously saved workspace restored]

Loading required package: Metrics
Loading required package: spectral.methods
iteração=71
ALL PID= 16771
PID R em uso:  16771
[Previously saved workspace restored]

Loading required package: Metrics
Loading required package: spectral.methods
iteração=72
ALL PID= 8600
PID R em uso:  8600
[Previously saved workspace restored]

Loading required package: Metrics
Loading required package: spectral.methods
iteração=73
ALL PID= 30185
PID R em uso:  30185
[Previously saved workspace restored]

Loading required package: Metrics
Loading required package: spectral.methods
iteração=74
ALL PID= 22731
PID R em uso:  22731
[Previously saved workspace restored]

Loading required package: Metrics
Loading required package: spectral.methods
iteração=75
ALL PID= 16320
PID R em uso:  16320
[Previously saved workspace restored]

Loading required package: Metrics
Loading required package: spectral.methods
iteração=76
ALL PID= 3787
PID R em uso:  3787
[Previously saved workspace restored]

Loading required package: Metrics
Loading required package: spectral.methods
iteração=77
ALL PID= 26419
PID R em uso:  26419
[Previously saved workspace restored]

Loading required package: Metrics
Loading required package: spectral.methods
iteração=78
ALL PID= 13101
PID R em uso:  13101
[Previously saved workspace restored]

Loading required package: Metrics
Loading required package: spectral.methods
iteração=79
ALL PID= 6433
PID R em uso:  6433
[Previously saved workspace restored]

Loading required package: Metrics
Loading required package: spectral.methods
iteração=80
ALL PID= 30711
PID R em uso:  30711
[Previously saved workspace restored]

Loading required package: Metrics
Loading required package: spectral.methods
iteração=81
ALL PID= 22831
PID R em uso:  22831
[Previously saved workspace restored]

Loading required package: Metrics
Loading required package: spectral.methods
iteração=82
ALL PID= 14207
PID R em uso:  14207
[Previously saved workspace restored]

Loading required package: Metrics
Loading required package: spectral.methods
iteração=83
ALL PID= 5079
PID R em uso:  5079
[Previously saved workspace restored]

Loading required package: Metrics
Loading required package: spectral.methods
iteração=84
ALL PID=
PID R em uso: 
error: process ID list syntax error

Usage:
 ps [options]

 Try 'ps --help <simple|list|output|threads|misc|all>'
  or 'ps --help <s|l|o|t|m|a>'
 for additional help text.

For more details see ps(1).
iteração=85
ALL PID=
PID R em uso: 
error: process ID list syntax error

Usage:
 ps [options]

 Try 'ps --help <simple|list|output|threads|misc|all>'
  or 'ps --help <s|l|o|t|m|a>'
 for additional help text.

For more details see ps(1).
iteração=86
ALL PID= 22181 22172 22171
PID R em uso:  22181
[Previously saved workspace restored]

[Previously saved workspace restored]

[Previously saved workspace restored]

Loading required package: Metrics
Loading required package: Metrics
Loading required package: spectral.methods
Loading required package: spectral.methods
Loading required package: Metrics
Loading required package: spectral.methods
